<?xml version="1.0" encoding="UTF-8"?>
<testsuite name="com.byteme.scanner.Tokens.KeywordLexemeTest" tests="1" skipped="0" failures="0" errors="0" timestamp="2017-02-15T23:39:24" hostname="lawn-128-61-37-177.lawn.gatech.edu" time="0.002">
  <properties/>
  <testcase name="getDFA" classname="com.byteme.scanner.Tokens.KeywordLexemeTest" time="0.002"/>
  <system-out><![CDATA[]]></system-out>
  <system-err><![CDATA[]]></system-err>
</testsuite>
